<?xml version="1.0" encoding="UTF-8"?>
<!-- Generated by org.testng.reporters.JUnitXMLReporter -->
<testsuite ignored="0" hostname="Rushit" failures="0" tests="6" name="Test" time="0.075" errors="0" timestamp="2021-12-08T13:19:39 EST">
  <testcase classname="qaclickacademy.SeleniunTest" name="BrowserAutomation" time="0.007"/>
  <testcase classname="qaclickacademy.SeleniunTest" name="elementsUI" time="0.0"/>
  <testcase classname="qaclickacademy.AppiumTest" name="NativeAppAndroid" time="0.0"/>
  <testcase classname="qaclickacademy.AppiumTest" name="iOSApps" time="0.0"/>
  <testcase classname="qaclickacademy.RESTAPITest" name="deleteTwitter" time="0.0"/>
  <testcase classname="qaclickacademy.RESTAPITest" name="postJira" time="0.0"/>
</testsuite> <!-- Test -->
