<?xml version="1.0" encoding="UTF-8"?>
<testng-results ignored="0" total="6" passed="6" failed="0" skipped="0">
  <reporter-output>
  </reporter-output>
  <suite started-at="2021-12-08T13:19:39 EST" name="Suite" finished-at="2021-12-08T13:19:39 EST" duration-ms="75">
    <groups>
    </groups>
    <test started-at="2021-12-08T13:19:39 EST" name="Test" finished-at="2021-12-08T13:19:39 EST" duration-ms="75">
      <class name="qaclickacademy.AppiumTest">
        <test-method signature="NativeAppAndroid()[pri:0, instance:qaclickacademy.AppiumTest@1677d1]" started-at="2021-12-08T13:19:39 EST" name="NativeAppAndroid" finished-at="2021-12-08T13:19:39 EST" duration-ms="0" status="PASS">
          <reporter-output>
          </reporter-output>
        </test-method> <!-- NativeAppAndroid -->
        <test-method signature="iOSApps()[pri:0, instance:qaclickacademy.AppiumTest@1677d1]" started-at="2021-12-08T13:19:39 EST" name="iOSApps" finished-at="2021-12-08T13:19:39 EST" duration-ms="0" status="PASS">
          <reporter-output>
          </reporter-output>
        </test-method> <!-- iOSApps -->
      </class> <!-- qaclickacademy.AppiumTest -->
      <class name="qaclickacademy.SeleniunTest">
        <test-method signature="BrowserAutomation()[pri:0, instance:qaclickacademy.SeleniunTest@43301423]" started-at="2021-12-08T13:19:39 EST" name="BrowserAutomation" finished-at="2021-12-08T13:19:39 EST" duration-ms="7" status="PASS">
          <reporter-output>
          </reporter-output>
        </test-method> <!-- BrowserAutomation -->
        <test-method signature="elementsUI()[pri:0, instance:qaclickacademy.SeleniunTest@43301423]" started-at="2021-12-08T13:19:39 EST" name="elementsUI" finished-at="2021-12-08T13:19:39 EST" duration-ms="0" status="PASS">
          <reporter-output>
          </reporter-output>
        </test-method> <!-- elementsUI -->
      </class> <!-- qaclickacademy.SeleniunTest -->
      <class name="qaclickacademy.RESTAPITest">
        <test-method signature="deleteTwitter()[pri:0, instance:qaclickacademy.RESTAPITest@48fa0f47]" started-at="2021-12-08T13:19:39 EST" name="deleteTwitter" finished-at="2021-12-08T13:19:39 EST" duration-ms="0" status="PASS">
          <reporter-output>
          </reporter-output>
        </test-method> <!-- deleteTwitter -->
        <test-method signature="postJira()[pri:0, instance:qaclickacademy.RESTAPITest@48fa0f47]" started-at="2021-12-08T13:19:39 EST" name="postJira" finished-at="2021-12-08T13:19:39 EST" duration-ms="0" status="PASS">
          <reporter-output>
          </reporter-output>
        </test-method> <!-- postJira -->
      </class> <!-- qaclickacademy.RESTAPITest -->
    </test> <!-- Test -->
  </suite> <!-- Suite -->
</testng-results>
