<?xml version="1.0" encoding="UTF-8"?>
<testng-results ignored="0" total="2" passed="2" failed="0" skipped="0">
  <reporter-output>
  </reporter-output>
  <suite started-at="2021-12-17T11:55:00 EST" name="Default suite" finished-at="2021-12-17T11:55:00 EST" duration-ms="221">
    <groups>
    </groups>
    <test started-at="2021-12-17T11:55:00 EST" name="Default test" finished-at="2021-12-17T11:55:00 EST" duration-ms="221">
      <class name="qaclickacademy.AppiumTest">
        <test-method signature="NativeAppAndroid()[pri:0, instance:qaclickacademy.AppiumTest@1da2cb77]" started-at="2021-12-17T11:55:00 EST" name="NativeAppAndroid" finished-at="2021-12-17T11:55:00 EST" duration-ms="37" status="PASS">
          <reporter-output>
          </reporter-output>
        </test-method> <!-- NativeAppAndroid -->
        <test-method signature="iOSApps()[pri:0, instance:qaclickacademy.AppiumTest@1da2cb77]" started-at="2021-12-17T11:55:00 EST" name="iOSApps" finished-at="2021-12-17T11:55:00 EST" duration-ms="3" status="PASS">
          <reporter-output>
          </reporter-output>
        </test-method> <!-- iOSApps -->
      </class> <!-- qaclickacademy.AppiumTest -->
    </test> <!-- Default test -->
  </suite> <!-- Default suite -->
</testng-results>
